[2026-05-21T01:13:49.059Z] REQUEST: {"timestamp":"2026-05-21T01:13:49.058Z","method":"GET","url":"/dashboard.html","headers":{"authorization":"NONE","content-type":"NONE"},"body":{},"query":{}}
[2026-05-21T01:13:49.122Z] REQUEST: {"timestamp":"2026-05-21T01:13:49.121Z","method":"GET","url":"/styles.css","headers":{"authorization":"NONE","content-type":"NONE"},"body":{},"query":{}}
[2026-05-21T01:13:49.188Z] REQUEST: {"timestamp":"2026-05-21T01:13:49.186Z","method":"GET","url":"/.well-known/appspecific/com.chrome.devtools.json","headers":{"authorization":"NONE","content-type":"NONE"},"body":{},"query":{}}
[2026-05-21T01:13:49.813Z] REQUEST: {"timestamp":"2026-05-21T01:13:49.809Z","method":"GET","url":"/api/teacher/info","headers":{"authorization":"Bearer eyJhbGciOiJIUzI1NiIsInR5cCI6IkpXVCJ9.eyJpZCI6MTE3LCJ1c2VybmFtZSI6ImFrYmFyaXJ3YW5zeWFodGtqQGdtYWlsLmNvbSIsInJvbGUiOiJndXJ1IiwiZ3VydV9pZCI6OTUsInRlbmFudF9pZCI6IllQV0lMVVRJTSIsImFic2Vuc2lfbWV0aG9kIjoic2Nhbm5lciIsInRpbWVzdGFtcCI6IjIwMjYtMDUtMjBUMTc6MTI6NDMuMzk4WiIsImFzc2lnbm1lbnRzIjpbeyJ0ZW5hbnRfaWQiOiJZUFdJTFVUSU0iLCJqYWJhdGFuX2RpX3VuaXQiOiJhZG1pbiIsIm5hbWFfc2Vrb2xhaCI6IllQV0kgTFVXVSBUSU1VUiJ9XSwiaWF0IjoxNzc5Mjk3MTYzLCJleHAiOjE3NzkzMjU5NjN9.6HSE4tK_PHvJzYSEO0IRJgrgYxh9UaV87n1egqLchMo","content-type":"NONE"},"body":{},"query":{}}
[2026-05-21T01:13:49.871Z] REQUEST: {"timestamp":"2026-05-21T01:13:49.815Z","method":"GET","url":"/api/dashboard","headers":{"authorization":"Bearer eyJhbGciOiJIUzI1NiIsInR5cCI6IkpXVCJ9.eyJpZCI6MTE3LCJ1c2VybmFtZSI6ImFrYmFyaXJ3YW5zeWFodGtqQGdtYWlsLmNvbSIsInJvbGUiOiJndXJ1IiwiZ3VydV9pZCI6OTUsInRlbmFudF9pZCI6IllQV0lMVVRJTSIsImFic2Vuc2lfbWV0aG9kIjoic2Nhbm5lciIsInRpbWVzdGFtcCI6IjIwMjYtMDUtMjBUMTc6MTI6NDMuMzk4WiIsImFzc2lnbm1lbnRzIjpbeyJ0ZW5hbnRfaWQiOiJZUFdJTFVUSU0iLCJqYWJhdGFuX2RpX3VuaXQiOiJhZG1pbiIsIm5hbWFfc2Vrb2xhaCI6IllQV0kgTFVXVSBUSU1VUiJ9XSwiaWF0IjoxNzc5Mjk3MTYzLCJleHAiOjE3NzkzMjU5NjN9.6HSE4tK_PHvJzYSEO0IRJgrgYxh9UaV87n1egqLchMo","content-type":"NONE"},"body":{},"query":{}}
[2026-05-21T01:13:49.885Z] REQUEST: {"timestamp":"2026-05-21T01:13:49.884Z","method":"GET","url":"/api/attendance-history","headers":{"authorization":"Bearer eyJhbGciOiJIUzI1NiIsInR5cCI6IkpXVCJ9.eyJpZCI6MTE3LCJ1c2VybmFtZSI6ImFrYmFyaXJ3YW5zeWFodGtqQGdtYWlsLmNvbSIsInJvbGUiOiJndXJ1IiwiZ3VydV9pZCI6OTUsInRlbmFudF9pZCI6IllQV0lMVVRJTSIsImFic2Vuc2lfbWV0aG9kIjoic2Nhbm5lciIsInRpbWVzdGFtcCI6IjIwMjYtMDUtMjBUMTc6MTI6NDMuMzk4WiIsImFzc2lnbm1lbnRzIjpbeyJ0ZW5hbnRfaWQiOiJZUFdJTFVUSU0iLCJqYWJhdGFuX2RpX3VuaXQiOiJhZG1pbiIsIm5hbWFfc2Vrb2xhaCI6IllQV0kgTFVXVSBUSU1VUiJ9XSwiaWF0IjoxNzc5Mjk3MTYzLCJleHAiOjE3NzkzMjU5NjN9.6HSE4tK_PHvJzYSEO0IRJgrgYxh9UaV87n1egqLchMo","content-type":"NONE"},"body":{},"query":{}}
[2026-05-21T01:13:50.669Z] REQUEST: {"timestamp":"2026-05-21T01:13:50.667Z","method":"GET","url":"/api/attendance-rules","headers":{"authorization":"Bearer eyJhbGciOiJIUzI1NiIsInR5cCI6IkpXVCJ9.eyJpZCI6MTE3LCJ1c2VybmFtZSI6ImFrYmFyaXJ3YW5zeWFodGtqQGdtYWlsLmNvbSIsInJvbGUiOiJndXJ1IiwiZ3VydV9pZCI6OTUsInRlbmFudF9pZCI6IllQV0lMVVRJTSIsImFic2Vuc2lfbWV0aG9kIjoic2Nhbm5lciIsInRpbWVzdGFtcCI6IjIwMjYtMDUtMjBUMTc6MTI6NDMuMzk4WiIsImFzc2lnbm1lbnRzIjpbeyJ0ZW5hbnRfaWQiOiJZUFdJTFVUSU0iLCJqYWJhdGFuX2RpX3VuaXQiOiJhZG1pbiIsIm5hbWFfc2Vrb2xhaCI6IllQV0kgTFVXVSBUSU1VUiJ9XSwiaWF0IjoxNzc5Mjk3MTYzLCJleHAiOjE3NzkzMjU5NjN9.6HSE4tK_PHvJzYSEO0IRJgrgYxh9UaV87n1egqLchMo","content-type":"NONE"},"body":{},"query":{}}
[2026-05-21T01:13:50.672Z] REQUEST: {"timestamp":"2026-05-21T01:13:50.672Z","method":"GET","url":"/api/units/nearby?lat=-2.635831&lng=121.096048","headers":{"authorization":"Bearer eyJhbGciOiJIUzI1NiIsInR5cCI6IkpXVCJ9.eyJpZCI6MTE3LCJ1c2VybmFtZSI6ImFrYmFyaXJ3YW5zeWFodGtqQGdtYWlsLmNvbSIsInJvbGUiOiJndXJ1IiwiZ3VydV9pZCI6OTUsInRlbmFudF9pZCI6IllQV0lMVVRJTSIsImFic2Vuc2lfbWV0aG9kIjoic2Nhbm5lciIsInRpbWVzdGFtcCI6IjIwMjYtMDUtMjBUMTc6MTI6NDMuMzk4WiIsImFzc2lnbm1lbnRzIjpbeyJ0ZW5hbnRfaWQiOiJZUFdJTFVUSU0iLCJqYWJhdGFuX2RpX3VuaXQiOiJhZG1pbiIsIm5hbWFfc2Vrb2xhaCI6IllQV0kgTFVXVSBUSU1VUiJ9XSwiaWF0IjoxNzc5Mjk3MTYzLCJleHAiOjE3NzkzMjU5NjN9.6HSE4tK_PHvJzYSEO0IRJgrgYxh9UaV87n1egqLchMo","content-type":"NONE"},"body":{},"query":{"lat":"-2.635831","lng":"121.096048"}}
[2026-05-21T01:13:50.675Z] REQUEST: {"timestamp":"2026-05-21T01:13:50.674Z","method":"GET","url":"/api/units/all","headers":{"authorization":"Bearer eyJhbGciOiJIUzI1NiIsInR5cCI6IkpXVCJ9.eyJpZCI6MTE3LCJ1c2VybmFtZSI6ImFrYmFyaXJ3YW5zeWFodGtqQGdtYWlsLmNvbSIsInJvbGUiOiJndXJ1IiwiZ3VydV9pZCI6OTUsInRlbmFudF9pZCI6IllQV0lMVVRJTSIsImFic2Vuc2lfbWV0aG9kIjoic2Nhbm5lciIsInRpbWVzdGFtcCI6IjIwMjYtMDUtMjBUMTc6MTI6NDMuMzk4WiIsImFzc2lnbm1lbnRzIjpbeyJ0ZW5hbnRfaWQiOiJZUFdJTFVUSU0iLCJqYWJhdGFuX2RpX3VuaXQiOiJhZG1pbiIsIm5hbWFfc2Vrb2xhaCI6IllQV0kgTFVXVSBUSU1VUiJ9XSwiaWF0IjoxNzc5Mjk3MTYzLCJleHAiOjE3NzkzMjU5NjN9.6HSE4tK_PHvJzYSEO0IRJgrgYxh9UaV87n1egqLchMo","content-type":"NONE"},"body":{},"query":{}}
[2026-05-21T01:13:50.703Z] REQUEST: {"timestamp":"2026-05-21T01:13:50.702Z","method":"GET","url":"/api/units/all","headers":{"authorization":"Bearer eyJhbGciOiJIUzI1NiIsInR5cCI6IkpXVCJ9.eyJpZCI6MTE3LCJ1c2VybmFtZSI6ImFrYmFyaXJ3YW5zeWFodGtqQGdtYWlsLmNvbSIsInJvbGUiOiJndXJ1IiwiZ3VydV9pZCI6OTUsInRlbmFudF9pZCI6IllQV0lMVVRJTSIsImFic2Vuc2lfbWV0aG9kIjoic2Nhbm5lciIsInRpbWVzdGFtcCI6IjIwMjYtMDUtMjBUMTc6MTI6NDMuMzk4WiIsImFzc2lnbm1lbnRzIjpbeyJ0ZW5hbnRfaWQiOiJZUFdJTFVUSU0iLCJqYWJhdGFuX2RpX3VuaXQiOiJhZG1pbiIsIm5hbWFfc2Vrb2xhaCI6IllQV0kgTFVXVSBUSU1VUiJ9XSwiaWF0IjoxNzc5Mjk3MTYzLCJleHAiOjE3NzkzMjU5NjN9.6HSE4tK_PHvJzYSEO0IRJgrgYxh9UaV87n1egqLchMo","content-type":"NONE"},"body":{},"query":{}}
[2026-05-21T01:13:50.718Z] REQUEST: {"timestamp":"2026-05-21T01:13:50.716Z","method":"GET","url":"/assets/images/YPWI%20LOGO%20HITAM.png","headers":{"authorization":"NONE","content-type":"NONE"},"body":{},"query":{}}
[2026-05-21T01:14:34.981Z] REQUEST: {"timestamp":"2026-05-21T01:14:34.980Z","method":"GET","url":"/login.html","headers":{"authorization":"NONE","content-type":"NONE"},"body":{},"query":{}}
[2026-05-21T01:14:35.047Z] REQUEST: {"timestamp":"2026-05-21T01:14:35.045Z","method":"GET","url":"/styles.css","headers":{"authorization":"NONE","content-type":"NONE"},"body":{},"query":{}}
[2026-05-21T01:14:35.050Z] REQUEST: {"timestamp":"2026-05-21T01:14:35.049Z","method":"GET","url":"/assets/images/YPWI%20LOGO%20HITAM.png","headers":{"authorization":"NONE","content-type":"NONE"},"body":{},"query":{}}
[2026-05-21T01:14:35.054Z] REQUEST: {"timestamp":"2026-05-21T01:14:35.053Z","method":"GET","url":"/.well-known/appspecific/com.chrome.devtools.json","headers":{"authorization":"NONE","content-type":"NONE"},"body":{},"query":{}}
[2026-05-21T01:14:42.988Z] REQUEST: {"timestamp":"2026-05-21T01:14:42.987Z","method":"POST","url":"/api/auth/login","headers":{"authorization":"NONE","content-type":"application/json"},"body":{"username":"akbarirwansyahtkj@gmail.com","password":"ypwi1234"},"query":{}}
[2026-05-21T01:14:44.818Z] REQUEST: {"timestamp":"2026-05-21T01:14:44.798Z","method":"GET","url":"/dashboard.html","headers":{"authorization":"NONE","content-type":"NONE"},"body":{},"query":{}}
[2026-05-21T01:14:45.082Z] REQUEST: {"timestamp":"2026-05-21T01:14:45.043Z","method":"GET","url":"/styles.css","headers":{"authorization":"NONE","content-type":"NONE"},"body":{},"query":{}}
[2026-05-21T01:14:45.107Z] REQUEST: {"timestamp":"2026-05-21T01:14:45.095Z","method":"GET","url":"/.well-known/appspecific/com.chrome.devtools.json","headers":{"authorization":"NONE","content-type":"NONE"},"body":{},"query":{}}
[2026-05-21T01:14:46.314Z] REQUEST: {"timestamp":"2026-05-21T01:14:46.296Z","method":"GET","url":"/api/teacher/info","headers":{"authorization":"Bearer eyJhbGciOiJIUzI1NiIsInR5cCI6IkpXVCJ9.eyJpZCI6MTE3LCJ1c2VybmFtZSI6ImFrYmFyaXJ3YW5zeWFodGtqQGdtYWlsLmNvbSIsInJvbGUiOiJndXJ1IiwiZ3VydV9pZCI6OTUsInRlbmFudF9pZCI6IllQV0lMVVRJTSIsImFic2Vuc2lfbWV0aG9kIjoic2Nhbm5lciIsInRpbWVzdGFtcCI6IjIwMjYtMDUtMjFUMDE6MTQ6NDMuMjE0WiIsImFzc2lnbm1lbnRzIjpbeyJ0ZW5hbnRfaWQiOiJZUFdJTFVUSU0iLCJqYWJhdGFuX2RpX3VuaXQiOiJhZG1pbiIsIm5hbWFfc2Vrb2xhaCI6IllQV0kgTFVXVSBUSU1VUiJ9XSwiaWF0IjoxNzc5MzI2MDgzLCJleHAiOjE3NzkzNTQ4ODN9.vI26yjpikDqKeuhTa32ORRhQaw9XPmEbyS1KtjtCw_Y","content-type":"NONE"},"body":{},"query":{}}
[2026-05-21T01:14:46.340Z] REQUEST: {"timestamp":"2026-05-21T01:14:46.322Z","method":"GET","url":"/api/dashboard","headers":{"authorization":"Bearer eyJhbGciOiJIUzI1NiIsInR5cCI6IkpXVCJ9.eyJpZCI6MTE3LCJ1c2VybmFtZSI6ImFrYmFyaXJ3YW5zeWFodGtqQGdtYWlsLmNvbSIsInJvbGUiOiJndXJ1IiwiZ3VydV9pZCI6OTUsInRlbmFudF9pZCI6IllQV0lMVVRJTSIsImFic2Vuc2lfbWV0aG9kIjoic2Nhbm5lciIsInRpbWVzdGFtcCI6IjIwMjYtMDUtMjFUMDE6MTQ6NDMuMjE0WiIsImFzc2lnbm1lbnRzIjpbeyJ0ZW5hbnRfaWQiOiJZUFdJTFVUSU0iLCJqYWJhdGFuX2RpX3VuaXQiOiJhZG1pbiIsIm5hbWFfc2Vrb2xhaCI6IllQV0kgTFVXVSBUSU1VUiJ9XSwiaWF0IjoxNzc5MzI2MDgzLCJleHAiOjE3NzkzNTQ4ODN9.vI26yjpikDqKeuhTa32ORRhQaw9XPmEbyS1KtjtCw_Y","content-type":"NONE"},"body":{},"query":{}}
[2026-05-21T01:14:46.440Z] REQUEST: {"timestamp":"2026-05-21T01:14:46.437Z","method":"GET","url":"/api/attendance-history","headers":{"authorization":"Bearer eyJhbGciOiJIUzI1NiIsInR5cCI6IkpXVCJ9.eyJpZCI6MTE3LCJ1c2VybmFtZSI6ImFrYmFyaXJ3YW5zeWFodGtqQGdtYWlsLmNvbSIsInJvbGUiOiJndXJ1IiwiZ3VydV9pZCI6OTUsInRlbmFudF9pZCI6IllQV0lMVVRJTSIsImFic2Vuc2lfbWV0aG9kIjoic2Nhbm5lciIsInRpbWVzdGFtcCI6IjIwMjYtMDUtMjFUMDE6MTQ6NDMuMjE0WiIsImFzc2lnbm1lbnRzIjpbeyJ0ZW5hbnRfaWQiOiJZUFdJTFVUSU0iLCJqYWJhdGFuX2RpX3VuaXQiOiJhZG1pbiIsIm5hbWFfc2Vrb2xhaCI6IllQV0kgTFVXVSBUSU1VUiJ9XSwiaWF0IjoxNzc5MzI2MDgzLCJleHAiOjE3NzkzNTQ4ODN9.vI26yjpikDqKeuhTa32ORRhQaw9XPmEbyS1KtjtCw_Y","content-type":"NONE"},"body":{},"query":{}}
[2026-05-21T01:14:46.460Z] REQUEST: {"timestamp":"2026-05-21T01:14:46.451Z","method":"GET","url":"/api/attendance-rules","headers":{"authorization":"Bearer eyJhbGciOiJIUzI1NiIsInR5cCI6IkpXVCJ9.eyJpZCI6MTE3LCJ1c2VybmFtZSI6ImFrYmFyaXJ3YW5zeWFodGtqQGdtYWlsLmNvbSIsInJvbGUiOiJndXJ1IiwiZ3VydV9pZCI6OTUsInRlbmFudF9pZCI6IllQV0lMVVRJTSIsImFic2Vuc2lfbWV0aG9kIjoic2Nhbm5lciIsInRpbWVzdGFtcCI6IjIwMjYtMDUtMjFUMDE6MTQ6NDMuMjE0WiIsImFzc2lnbm1lbnRzIjpbeyJ0ZW5hbnRfaWQiOiJZUFdJTFVUSU0iLCJqYWJhdGFuX2RpX3VuaXQiOiJhZG1pbiIsIm5hbWFfc2Vrb2xhaCI6IllQV0kgTFVXVSBUSU1VUiJ9XSwiaWF0IjoxNzc5MzI2MDgzLCJleHAiOjE3NzkzNTQ4ODN9.vI26yjpikDqKeuhTa32ORRhQaw9XPmEbyS1KtjtCw_Y","content-type":"NONE"},"body":{},"query":{}}
[2026-05-21T01:14:46.588Z] REQUEST: {"timestamp":"2026-05-21T01:14:46.517Z","method":"GET","url":"/api/units/nearby?lat=-2.635831&lng=121.096048","headers":{"authorization":"Bearer eyJhbGciOiJIUzI1NiIsInR5cCI6IkpXVCJ9.eyJpZCI6MTE3LCJ1c2VybmFtZSI6ImFrYmFyaXJ3YW5zeWFodGtqQGdtYWlsLmNvbSIsInJvbGUiOiJndXJ1IiwiZ3VydV9pZCI6OTUsInRlbmFudF9pZCI6IllQV0lMVVRJTSIsImFic2Vuc2lfbWV0aG9kIjoic2Nhbm5lciIsInRpbWVzdGFtcCI6IjIwMjYtMDUtMjFUMDE6MTQ6NDMuMjE0WiIsImFzc2lnbm1lbnRzIjpbeyJ0ZW5hbnRfaWQiOiJZUFdJTFVUSU0iLCJqYWJhdGFuX2RpX3VuaXQiOiJhZG1pbiIsIm5hbWFfc2Vrb2xhaCI6IllQV0kgTFVXVSBUSU1VUiJ9XSwiaWF0IjoxNzc5MzI2MDgzLCJleHAiOjE3NzkzNTQ4ODN9.vI26yjpikDqKeuhTa32ORRhQaw9XPmEbyS1KtjtCw_Y","content-type":"NONE"},"body":{},"query":{"lat":"-2.635831","lng":"121.096048"}}
[2026-05-21T01:14:46.630Z] REQUEST: {"timestamp":"2026-05-21T01:14:46.622Z","method":"GET","url":"/api/units/all","headers":{"authorization":"Bearer eyJhbGciOiJIUzI1NiIsInR5cCI6IkpXVCJ9.eyJpZCI6MTE3LCJ1c2VybmFtZSI6ImFrYmFyaXJ3YW5zeWFodGtqQGdtYWlsLmNvbSIsInJvbGUiOiJndXJ1IiwiZ3VydV9pZCI6OTUsInRlbmFudF9pZCI6IllQV0lMVVRJTSIsImFic2Vuc2lfbWV0aG9kIjoic2Nhbm5lciIsInRpbWVzdGFtcCI6IjIwMjYtMDUtMjFUMDE6MTQ6NDMuMjE0WiIsImFzc2lnbm1lbnRzIjpbeyJ0ZW5hbnRfaWQiOiJZUFdJTFVUSU0iLCJqYWJhdGFuX2RpX3VuaXQiOiJhZG1pbiIsIm5hbWFfc2Vrb2xhaCI6IllQV0kgTFVXVSBUSU1VUiJ9XSwiaWF0IjoxNzc5MzI2MDgzLCJleHAiOjE3NzkzNTQ4ODN9.vI26yjpikDqKeuhTa32ORRhQaw9XPmEbyS1KtjtCw_Y","content-type":"NONE"},"body":{},"query":{}}
[2026-05-21T01:14:48.878Z] REQUEST: {"timestamp":"2026-05-21T01:14:48.876Z","method":"GET","url":"/uploads/FOTO_AKBAR_IRWANSYA.jpg","headers":{"authorization":"NONE","content-type":"NONE"},"body":{},"query":{}}
[2026-05-21T01:14:48.888Z] REQUEST: {"timestamp":"2026-05-21T01:14:48.885Z","method":"GET","url":"/api/tenants/YPWILUTIM","headers":{"authorization":"Bearer eyJhbGciOiJIUzI1NiIsInR5cCI6IkpXVCJ9.eyJpZCI6MTE3LCJ1c2VybmFtZSI6ImFrYmFyaXJ3YW5zeWFodGtqQGdtYWlsLmNvbSIsInJvbGUiOiJndXJ1IiwiZ3VydV9pZCI6OTUsInRlbmFudF9pZCI6IllQV0lMVVRJTSIsImFic2Vuc2lfbWV0aG9kIjoic2Nhbm5lciIsInRpbWVzdGFtcCI6IjIwMjYtMDUtMjFUMDE6MTQ6NDMuMjE0WiIsImFzc2lnbm1lbnRzIjpbeyJ0ZW5hbnRfaWQiOiJZUFdJTFVUSU0iLCJqYWJhdGFuX2RpX3VuaXQiOiJhZG1pbiIsIm5hbWFfc2Vrb2xhaCI6IllQV0kgTFVXVSBUSU1VUiJ9XSwiaWF0IjoxNzc5MzI2MDgzLCJleHAiOjE3NzkzNTQ4ODN9.vI26yjpikDqKeuhTa32ORRhQaw9XPmEbyS1KtjtCw_Y","content-type":"NONE"},"body":{},"query":{}}
[2026-05-21T08:21:44.301Z] REQUEST: {"timestamp":"2026-05-21T08:21:44.299Z","method":"GET","url":"/","headers":{"authorization":"NONE","content-type":"NONE"},"body":{},"query":{}}
[2026-05-21T08:21:44.337Z] REQUEST: {"timestamp":"2026-05-21T08:21:44.336Z","method":"GET","url":"/login.html","headers":{"authorization":"NONE","content-type":"NONE"},"body":{},"query":{}}
[2026-05-21T08:21:44.387Z] REQUEST: {"timestamp":"2026-05-21T08:21:44.385Z","method":"GET","url":"/styles.css","headers":{"authorization":"NONE","content-type":"NONE"},"body":{},"query":{}}
[2026-05-21T08:21:44.399Z] REQUEST: {"timestamp":"2026-05-21T08:21:44.398Z","method":"GET","url":"/assets/images/YPWI%20LOGO%20HITAM.png","headers":{"authorization":"NONE","content-type":"NONE"},"body":{},"query":{}}
[2026-05-21T08:21:46.888Z] REQUEST: {"timestamp":"2026-05-21T08:21:46.888Z","method":"GET","url":"/scanner-sw.js","headers":{"authorization":"NONE","content-type":"NONE"},"body":{},"query":{}}
[2026-05-21T08:21:47.177Z] REQUEST: {"timestamp":"2026-05-21T08:21:47.176Z","method":"GET","url":"/styles.css","headers":{"authorization":"NONE","content-type":"NONE"},"body":{},"query":{}}
[2026-05-21T08:21:47.361Z] REQUEST: {"timestamp":"2026-05-21T08:21:47.361Z","method":"GET","url":"/.well-known/appspecific/com.chrome.devtools.json","headers":{"authorization":"NONE","content-type":"NONE"},"body":{},"query":{}}
[2026-05-21T08:22:01.488Z] REQUEST: {"timestamp":"2026-05-21T08:22:01.484Z","method":"GET","url":"/.well-known/appspecific/com.chrome.devtools.json","headers":{"authorization":"NONE","content-type":"NONE"},"body":{},"query":{}}
[2026-05-21T08:22:03.222Z] REQUEST: {"timestamp":"2026-05-21T08:22:03.208Z","method":"GET","url":"/search-teacher.html","headers":{"authorization":"NONE","content-type":"NONE"},"body":{},"query":{}}
[2026-05-21T08:22:03.322Z] REQUEST: {"timestamp":"2026-05-21T08:22:03.316Z","method":"GET","url":"/styles.css","headers":{"authorization":"NONE","content-type":"NONE"},"body":{},"query":{}}
[2026-05-21T08:22:03.459Z] REQUEST: {"timestamp":"2026-05-21T08:22:03.383Z","method":"GET","url":"/assets/images/YPWI%20LOGO%20HITAM.png","headers":{"authorization":"NONE","content-type":"NONE"},"body":{},"query":{}}
[2026-05-21T08:22:03.505Z] REQUEST: {"timestamp":"2026-05-21T08:22:03.484Z","method":"GET","url":"/.well-known/appspecific/com.chrome.devtools.json","headers":{"authorization":"NONE","content-type":"NONE"},"body":{},"query":{}}
[2026-05-21T08:22:03.802Z] REQUEST: {"timestamp":"2026-05-21T08:22:03.794Z","method":"GET","url":"/api/search/teachers","headers":{"authorization":"NONE","content-type":"NONE"},"body":{},"query":{}}
[2026-05-21T08:22:06.198Z] REQUEST: {"timestamp":"2026-05-21T08:22:06.182Z","method":"GET","url":"/scanner-sw.js","headers":{"authorization":"NONE","content-type":"NONE"},"body":{},"query":{}}
[2026-05-21T08:22:07.569Z] REQUEST: {"timestamp":"2026-05-21T08:22:07.568Z","method":"GET","url":"/complete-profile.html?teacher_id=129","headers":{"authorization":"NONE","content-type":"NONE"},"body":{},"query":{"teacher_id":"129"}}
[2026-05-21T08:22:07.741Z] REQUEST: {"timestamp":"2026-05-21T08:22:07.739Z","method":"GET","url":"/styles.css","headers":{"authorization":"NONE","content-type":"NONE"},"body":{},"query":{}}
[2026-05-21T08:22:07.906Z] REQUEST: {"timestamp":"2026-05-21T08:22:07.905Z","method":"GET","url":"/assets/images/YPWI%20LOGO%20HITAM.png","headers":{"authorization":"NONE","content-type":"NONE"},"body":{},"query":{}}
[2026-05-21T08:22:07.908Z] REQUEST: {"timestamp":"2026-05-21T08:22:07.907Z","method":"GET","url":"/.well-known/appspecific/com.chrome.devtools.json","headers":{"authorization":"NONE","content-type":"NONE"},"body":{},"query":{}}
[2026-05-21T08:22:08.451Z] REQUEST: {"timestamp":"2026-05-21T08:22:08.447Z","method":"GET","url":"/api/admin/teachers/129","headers":{"authorization":"Bearer eyJhbGciOiJIUzI1NiIsInR5cCI6IkpXVCJ9.eyJpZCI6MTEwLCJ1c2VybmFtZSI6ImFkbWluQHlwd2lsdXRpbS5jb20iLCJyb2xlIjoiYWRtaW4iLCJndXJ1X2lkIjpudWxsLCJ0ZW5hbnRfaWQiOiIiLCJhYnNlbnNpX21ldGhvZCI6InNjYW5uZXIiLCJ0aW1lc3RhbXAiOiIyMDI2LTA1LTIwVDE2OjIwOjI1Ljk2OFoiLCJpYXQiOjE3NzkyOTQwMjUsImV4cCI6MTc3OTMyMjgyNX0.qh05neLbucvPu7F37IWrhRdbtl6XJKacoYeknCYVcaU","content-type":"NONE"},"body":{},"query":{}}
[2026-05-21T08:22:08.457Z] REQUEST: {"timestamp":"2026-05-21T08:22:08.456Z","method":"GET","url":"/api/tenants","headers":{"authorization":"NONE","content-type":"NONE"},"body":{},"query":{}}
[2026-05-21T08:22:08.604Z] REQUEST: {"timestamp":"2026-05-21T08:22:08.603Z","method":"GET","url":"/favicon.ico","headers":{"authorization":"NONE","content-type":"NONE"},"body":{},"query":{}}
[2026-05-21T08:22:10.138Z] REQUEST: {"timestamp":"2026-05-21T08:22:10.138Z","method":"GET","url":"/scanner-sw.js","headers":{"authorization":"NONE","content-type":"NONE"},"body":{},"query":{}}
[2026-05-21T08:26:34.345Z] REQUEST: {"timestamp":"2026-05-21T08:26:34.339Z","method":"GET","url":"/complete-profile.html?teacher_id=129","headers":{"authorization":"NONE","content-type":"NONE"},"body":{},"query":{"teacher_id":"129"}}
[2026-05-21T08:26:34.429Z] REQUEST: {"timestamp":"2026-05-21T08:26:34.428Z","method":"GET","url":"/styles.css","headers":{"authorization":"NONE","content-type":"NONE"},"body":{},"query":{}}
[2026-05-21T08:26:34.441Z] REQUEST: {"timestamp":"2026-05-21T08:26:34.441Z","method":"GET","url":"/assets/images/YPWI%20LOGO%20HITAM.png","headers":{"authorization":"NONE","content-type":"NONE"},"body":{},"query":{}}
[2026-05-21T08:26:34.446Z] REQUEST: {"timestamp":"2026-05-21T08:26:34.446Z","method":"GET","url":"/.well-known/appspecific/com.chrome.devtools.json","headers":{"authorization":"NONE","content-type":"NONE"},"body":{},"query":{}}
[2026-05-21T08:26:35.326Z] REQUEST: {"timestamp":"2026-05-21T08:26:35.322Z","method":"GET","url":"/api/admin/teachers/129","headers":{"authorization":"Bearer eyJhbGciOiJIUzI1NiIsInR5cCI6IkpXVCJ9.eyJpZCI6MTEwLCJ1c2VybmFtZSI6ImFkbWluQHlwd2lsdXRpbS5jb20iLCJyb2xlIjoiYWRtaW4iLCJndXJ1X2lkIjpudWxsLCJ0ZW5hbnRfaWQiOiIiLCJhYnNlbnNpX21ldGhvZCI6InNjYW5uZXIiLCJ0aW1lc3RhbXAiOiIyMDI2LTA1LTIwVDE2OjIwOjI1Ljk2OFoiLCJpYXQiOjE3NzkyOTQwMjUsImV4cCI6MTc3OTMyMjgyNX0.qh05neLbucvPu7F37IWrhRdbtl6XJKacoYeknCYVcaU","content-type":"NONE"},"body":{},"query":{}}
[2026-05-21T08:26:35.330Z] REQUEST: {"timestamp":"2026-05-21T08:26:35.329Z","method":"GET","url":"/api/tenants","headers":{"authorization":"NONE","content-type":"NONE"},"body":{},"query":{}}
[2026-05-21T08:26:35.942Z] REQUEST: {"timestamp":"2026-05-21T08:26:35.941Z","method":"GET","url":"/favicon.ico","headers":{"authorization":"NONE","content-type":"NONE"},"body":{},"query":{}}
[2026-05-21T08:29:27.975Z] REQUEST: {"timestamp":"2026-05-21T08:29:27.968Z","method":"GET","url":"/complete-profile.html?teacher_id=129","headers":{"authorization":"NONE","content-type":"NONE"},"body":{},"query":{"teacher_id":"129"}}
[2026-05-21T08:29:28.076Z] REQUEST: {"timestamp":"2026-05-21T08:29:28.074Z","method":"GET","url":"/styles.css","headers":{"authorization":"NONE","content-type":"NONE"},"body":{},"query":{}}
[2026-05-21T08:29:28.081Z] REQUEST: {"timestamp":"2026-05-21T08:29:28.080Z","method":"GET","url":"/assets/images/YPWI%20LOGO%20HITAM.png","headers":{"authorization":"NONE","content-type":"NONE"},"body":{},"query":{}}
[2026-05-21T08:29:28.093Z] REQUEST: {"timestamp":"2026-05-21T08:29:28.092Z","method":"GET","url":"/.well-known/appspecific/com.chrome.devtools.json","headers":{"authorization":"NONE","content-type":"NONE"},"body":{},"query":{}}
[2026-05-21T08:29:28.639Z] REQUEST: {"timestamp":"2026-05-21T08:29:28.638Z","method":"GET","url":"/api/admin/teachers/129","headers":{"authorization":"Bearer eyJhbGciOiJIUzI1NiIsInR5cCI6IkpXVCJ9.eyJpZCI6MTEwLCJ1c2VybmFtZSI6ImFkbWluQHlwd2lsdXRpbS5jb20iLCJyb2xlIjoiYWRtaW4iLCJndXJ1X2lkIjpudWxsLCJ0ZW5hbnRfaWQiOiIiLCJhYnNlbnNpX21ldGhvZCI6InNjYW5uZXIiLCJ0aW1lc3RhbXAiOiIyMDI2LTA1LTIwVDE2OjIwOjI1Ljk2OFoiLCJpYXQiOjE3NzkyOTQwMjUsImV4cCI6MTc3OTMyMjgyNX0.qh05neLbucvPu7F37IWrhRdbtl6XJKacoYeknCYVcaU","content-type":"NONE"},"body":{},"query":{}}
[2026-05-21T08:29:28.641Z] REQUEST: {"timestamp":"2026-05-21T08:29:28.640Z","method":"GET","url":"/api/tenants","headers":{"authorization":"NONE","content-type":"NONE"},"body":{},"query":{}}
[2026-05-21T08:29:29.240Z] REQUEST: {"timestamp":"2026-05-21T08:29:29.239Z","method":"GET","url":"/favicon.ico","headers":{"authorization":"NONE","content-type":"NONE"},"body":{},"query":{}}
[2026-05-21T08:33:08.308Z] REQUEST: {"timestamp":"2026-05-21T08:33:08.307Z","method":"GET","url":"/api/admin/teachers/129","headers":{"authorization":"NONE","content-type":"application/json"},"body":{},"query":{}}
[2026-05-21T08:33:19.074Z] REQUEST: {"timestamp":"2026-05-21T08:33:19.073Z","method":"GET","url":"/api/admin/teachers/","headers":{"authorization":"NONE","content-type":"application/json"},"body":{},"query":{}}
[2026-05-21T08:34:33.303Z] REQUEST: {"timestamp":"2026-05-21T08:34:33.302Z","method":"GET","url":"/api/admin/teachers/","headers":{"authorization":"Bearer eyJhbGciOiJIUzI1NiIsInR5cCI6IkpXVCJ9.eyJpZCI6MTEwLCJ1c2VybmFtZSI6ImFkbWluQHlwd2lsdXRpbS5jb20iLCJyb2xlIjoiYWRtaW4iLCJndXJ1X2lkIjpudWxsLCJ0ZW5hbnRfaWQiOiIiLCJhYnNlbnNpX21ldGhvZCI6InNjYW5uZXIiLCJ0aW1lc3RhbXAiOiIyMDI2LTA1LTIwVDE2OjIwOjI1Ljk2OFoiLCJpYXQiOjE3NzkyOTQwMjUsImV4cCI6MTc3OTMyMjgyNX0.qh05neLbucvPu7F37IWrhRdbtl6XJKacoYeknCYVcaU","content-type":"application/json"},"body":{},"query":{}}
[2026-05-21T08:34:42.005Z] REQUEST: {"timestamp":"2026-05-21T08:34:42.004Z","method":"GET","url":"/api/admin/teachers/id:95","headers":{"authorization":"Bearer eyJhbGciOiJIUzI1NiIsInR5cCI6IkpXVCJ9.eyJpZCI6MTEwLCJ1c2VybmFtZSI6ImFkbWluQHlwd2lsdXRpbS5jb20iLCJyb2xlIjoiYWRtaW4iLCJndXJ1X2lkIjpudWxsLCJ0ZW5hbnRfaWQiOiIiLCJhYnNlbnNpX21ldGhvZCI6InNjYW5uZXIiLCJ0aW1lc3RhbXAiOiIyMDI2LTA1LTIwVDE2OjIwOjI1Ljk2OFoiLCJpYXQiOjE3NzkyOTQwMjUsImV4cCI6MTc3OTMyMjgyNX0.qh05neLbucvPu7F37IWrhRdbtl6XJKacoYeknCYVcaU","content-type":"application/json"},"body":{},"query":{}}
[2026-05-21T08:34:49.012Z] REQUEST: {"timestamp":"2026-05-21T08:34:49.011Z","method":"GET","url":"/api/admin/teachers/i95","headers":{"authorization":"Bearer eyJhbGciOiJIUzI1NiIsInR5cCI6IkpXVCJ9.eyJpZCI6MTEwLCJ1c2VybmFtZSI6ImFkbWluQHlwd2lsdXRpbS5jb20iLCJyb2xlIjoiYWRtaW4iLCJndXJ1X2lkIjpudWxsLCJ0ZW5hbnRfaWQiOiIiLCJhYnNlbnNpX21ldGhvZCI6InNjYW5uZXIiLCJ0aW1lc3RhbXAiOiIyMDI2LTA1LTIwVDE2OjIwOjI1Ljk2OFoiLCJpYXQiOjE3NzkyOTQwMjUsImV4cCI6MTc3OTMyMjgyNX0.qh05neLbucvPu7F37IWrhRdbtl6XJKacoYeknCYVcaU","content-type":"application/json"},"body":{},"query":{}}
[2026-05-21T08:34:53.492Z] REQUEST: {"timestamp":"2026-05-21T08:34:53.390Z","method":"GET","url":"/api/admin/teachers/95","headers":{"authorization":"Bearer eyJhbGciOiJIUzI1NiIsInR5cCI6IkpXVCJ9.eyJpZCI6MTEwLCJ1c2VybmFtZSI6ImFkbWluQHlwd2lsdXRpbS5jb20iLCJyb2xlIjoiYWRtaW4iLCJndXJ1X2lkIjpudWxsLCJ0ZW5hbnRfaWQiOiIiLCJhYnNlbnNpX21ldGhvZCI6InNjYW5uZXIiLCJ0aW1lc3RhbXAiOiIyMDI2LTA1LTIwVDE2OjIwOjI1Ljk2OFoiLCJpYXQiOjE3NzkyOTQwMjUsImV4cCI6MTc3OTMyMjgyNX0.qh05neLbucvPu7F37IWrhRdbtl6XJKacoYeknCYVcaU","content-type":"application/json"},"body":{},"query":{}}
[2026-05-21T08:35:58.625Z] REQUEST: {"timestamp":"2026-05-21T08:35:58.624Z","method":"GET","url":"/complete-profile.html?teacher_id=129","headers":{"authorization":"NONE","content-type":"NONE"},"body":{},"query":{"teacher_id":"129"}}
[2026-05-21T08:35:58.674Z] REQUEST: {"timestamp":"2026-05-21T08:35:58.672Z","method":"GET","url":"/styles.css","headers":{"authorization":"NONE","content-type":"NONE"},"body":{},"query":{}}
[2026-05-21T08:35:58.689Z] REQUEST: {"timestamp":"2026-05-21T08:35:58.687Z","method":"GET","url":"/assets/images/YPWI%20LOGO%20HITAM.png","headers":{"authorization":"NONE","content-type":"NONE"},"body":{},"query":{}}
[2026-05-21T08:35:58.714Z] REQUEST: {"timestamp":"2026-05-21T08:35:58.711Z","method":"GET","url":"/.well-known/appspecific/com.chrome.devtools.json","headers":{"authorization":"NONE","content-type":"NONE"},"body":{},"query":{}}
[2026-05-21T08:35:59.012Z] REQUEST: {"timestamp":"2026-05-21T08:35:59.011Z","method":"GET","url":"/api/admin/teachers/129","headers":{"authorization":"Bearer eyJhbGciOiJIUzI1NiIsInR5cCI6IkpXVCJ9.eyJpZCI6MTEwLCJ1c2VybmFtZSI6ImFkbWluQHlwd2lsdXRpbS5jb20iLCJyb2xlIjoiYWRtaW4iLCJndXJ1X2lkIjpudWxsLCJ0ZW5hbnRfaWQiOiIiLCJhYnNlbnNpX21ldGhvZCI6InNjYW5uZXIiLCJ0aW1lc3RhbXAiOiIyMDI2LTA1LTIwVDE2OjIwOjI1Ljk2OFoiLCJpYXQiOjE3NzkyOTQwMjUsImV4cCI6MTc3OTMyMjgyNX0.qh05neLbucvPu7F37IWrhRdbtl6XJKacoYeknCYVcaU","content-type":"NONE"},"body":{},"query":{}}
[2026-05-21T08:35:59.018Z] REQUEST: {"timestamp":"2026-05-21T08:35:59.016Z","method":"GET","url":"/api/tenants","headers":{"authorization":"NONE","content-type":"NONE"},"body":{},"query":{}}
[2026-05-21T08:35:59.037Z] REQUEST: {"timestamp":"2026-05-21T08:35:59.034Z","method":"GET","url":"/favicon.ico","headers":{"authorization":"NONE","content-type":"NONE"},"body":{},"query":{}}
[2026-05-21T08:36:00.583Z] REQUEST: {"timestamp":"2026-05-21T08:36:00.581Z","method":"GET","url":"/scanner-sw.js","headers":{"authorization":"NONE","content-type":"NONE"},"body":{},"query":{}}
[2026-05-21T08:36:42.126Z] REQUEST: {"timestamp":"2026-05-21T08:36:42.120Z","method":"GET","url":"/complete-profile.html?teacher_id=129","headers":{"authorization":"NONE","content-type":"NONE"},"body":{},"query":{"teacher_id":"129"}}
[2026-05-21T08:36:42.191Z] REQUEST: {"timestamp":"2026-05-21T08:36:42.190Z","method":"GET","url":"/styles.css","headers":{"authorization":"NONE","content-type":"NONE"},"body":{},"query":{}}
[2026-05-21T08:36:42.194Z] REQUEST: {"timestamp":"2026-05-21T08:36:42.194Z","method":"GET","url":"/assets/images/YPWI%20LOGO%20HITAM.png","headers":{"authorization":"NONE","content-type":"NONE"},"body":{},"query":{}}
[2026-05-21T08:36:42.208Z] REQUEST: {"timestamp":"2026-05-21T08:36:42.207Z","method":"GET","url":"/.well-known/appspecific/com.chrome.devtools.json","headers":{"authorization":"NONE","content-type":"NONE"},"body":{},"query":{}}
[2026-05-21T08:36:47.051Z] REQUEST: {"timestamp":"2026-05-21T08:36:47.050Z","method":"GET","url":"/api/admin/teachers/129","headers":{"authorization":"Bearer eyJhbGciOiJIUzI1NiIsInR5cCI6IkpXVCJ9.eyJpZCI6MTEwLCJ1c2VybmFtZSI6ImFkbWluQHlwd2lsdXRpbS5jb20iLCJyb2xlIjoiYWRtaW4iLCJndXJ1X2lkIjpudWxsLCJ0ZW5hbnRfaWQiOiIiLCJhYnNlbnNpX21ldGhvZCI6InNjYW5uZXIiLCJ0aW1lc3RhbXAiOiIyMDI2LTA1LTIwVDE2OjIwOjI1Ljk2OFoiLCJpYXQiOjE3NzkyOTQwMjUsImV4cCI6MTc3OTMyMjgyNX0.qh05neLbucvPu7F37IWrhRdbtl6XJKacoYeknCYVcaU","content-type":"NONE"},"body":{},"query":{}}
[2026-05-21T08:36:47.055Z] REQUEST: {"timestamp":"2026-05-21T08:36:47.054Z","method":"GET","url":"/api/tenants","headers":{"authorization":"NONE","content-type":"NONE"},"body":{},"query":{}}
[2026-05-21T08:36:47.594Z] REQUEST: {"timestamp":"2026-05-21T08:36:47.593Z","method":"GET","url":"/favicon.ico","headers":{"authorization":"NONE","content-type":"NONE"},"body":{},"query":{}}
[2026-05-21T08:38:15.471Z] REQUEST: {"timestamp":"2026-05-21T08:38:15.470Z","method":"GET","url":"/","headers":{"authorization":"NONE","content-type":"NONE"},"body":{},"query":{}}
[2026-05-21T08:38:15.489Z] REQUEST: {"timestamp":"2026-05-21T08:38:15.488Z","method":"GET","url":"/login.html","headers":{"authorization":"NONE","content-type":"NONE"},"body":{},"query":{}}
[2026-05-21T08:38:15.553Z] REQUEST: {"timestamp":"2026-05-21T08:38:15.552Z","method":"GET","url":"/styles.css","headers":{"authorization":"NONE","content-type":"NONE"},"body":{},"query":{}}
[2026-05-21T08:38:15.555Z] REQUEST: {"timestamp":"2026-05-21T08:38:15.555Z","method":"GET","url":"/assets/images/YPWI%20LOGO%20HITAM.png","headers":{"authorization":"NONE","content-type":"NONE"},"body":{},"query":{}}
[2026-05-21T08:38:15.585Z] REQUEST: {"timestamp":"2026-05-21T08:38:15.574Z","method":"GET","url":"/.well-known/appspecific/com.chrome.devtools.json","headers":{"authorization":"NONE","content-type":"NONE"},"body":{},"query":{}}
[2026-05-21T08:38:16.772Z] REQUEST: {"timestamp":"2026-05-21T08:38:16.771Z","method":"GET","url":"/login.html","headers":{"authorization":"NONE","content-type":"NONE"},"body":{},"query":{}}
[2026-05-21T08:38:16.814Z] REQUEST: {"timestamp":"2026-05-21T08:38:16.814Z","method":"GET","url":"/styles.css","headers":{"authorization":"NONE","content-type":"NONE"},"body":{},"query":{}}
[2026-05-21T08:38:16.817Z] REQUEST: {"timestamp":"2026-05-21T08:38:16.816Z","method":"GET","url":"/assets/images/YPWI%20LOGO%20HITAM.png","headers":{"authorization":"NONE","content-type":"NONE"},"body":{},"query":{}}
[2026-05-21T08:38:16.831Z] REQUEST: {"timestamp":"2026-05-21T08:38:16.830Z","method":"GET","url":"/.well-known/appspecific/com.chrome.devtools.json","headers":{"authorization":"NONE","content-type":"NONE"},"body":{},"query":{}}
[2026-05-21T08:38:16.974Z] REQUEST: {"timestamp":"2026-05-21T08:38:16.973Z","method":"GET","url":"/login.html","headers":{"authorization":"NONE","content-type":"NONE"},"body":{},"query":{}}
[2026-05-21T08:38:17.042Z] REQUEST: {"timestamp":"2026-05-21T08:38:17.039Z","method":"GET","url":"/styles.css","headers":{"authorization":"NONE","content-type":"NONE"},"body":{},"query":{}}
[2026-05-21T08:38:17.045Z] REQUEST: {"timestamp":"2026-05-21T08:38:17.044Z","method":"GET","url":"/assets/images/YPWI%20LOGO%20HITAM.png","headers":{"authorization":"NONE","content-type":"NONE"},"body":{},"query":{}}
[2026-05-21T08:38:17.047Z] REQUEST: {"timestamp":"2026-05-21T08:38:17.046Z","method":"GET","url":"/.well-known/appspecific/com.chrome.devtools.json","headers":{"authorization":"NONE","content-type":"NONE"},"body":{},"query":{}}
[2026-05-21T08:38:17.467Z] REQUEST: {"timestamp":"2026-05-21T08:38:17.466Z","method":"GET","url":"/scanner-sw.js","headers":{"authorization":"NONE","content-type":"NONE"},"body":{},"query":{}}
[2026-05-21T08:38:18.107Z] REQUEST: {"timestamp":"2026-05-21T08:38:18.106Z","method":"GET","url":"/assets/images/YPWI%20LOGO%20HITAM.png","headers":{"authorization":"NONE","content-type":"NONE"},"body":{},"query":{}}
[2026-05-21T08:38:19.131Z] REQUEST: {"timestamp":"2026-05-21T08:38:19.130Z","method":"GET","url":"/search-teacher.html","headers":{"authorization":"NONE","content-type":"NONE"},"body":{},"query":{}}
[2026-05-21T08:38:19.182Z] REQUEST: {"timestamp":"2026-05-21T08:38:19.179Z","method":"GET","url":"/styles.css","headers":{"authorization":"NONE","content-type":"NONE"},"body":{},"query":{}}
[2026-05-21T08:38:19.193Z] REQUEST: {"timestamp":"2026-05-21T08:38:19.192Z","method":"GET","url":"/assets/images/YPWI%20LOGO%20HITAM.png","headers":{"authorization":"NONE","content-type":"NONE"},"body":{},"query":{}}
[2026-05-21T08:38:19.207Z] REQUEST: {"timestamp":"2026-05-21T08:38:19.206Z","method":"GET","url":"/.well-known/appspecific/com.chrome.devtools.json","headers":{"authorization":"NONE","content-type":"NONE"},"body":{},"query":{}}
[2026-05-21T08:38:19.454Z] REQUEST: {"timestamp":"2026-05-21T08:38:19.453Z","method":"GET","url":"/api/search/teachers","headers":{"authorization":"NONE","content-type":"NONE"},"body":{},"query":{}}
[2026-05-21T08:38:21.147Z] REQUEST: {"timestamp":"2026-05-21T08:38:21.145Z","method":"GET","url":"/scanner-sw.js","headers":{"authorization":"NONE","content-type":"NONE"},"body":{},"query":{}}
[2026-05-21T08:38:21.227Z] REQUEST: {"timestamp":"2026-05-21T08:38:21.225Z","method":"GET","url":"/search-teacher.html","headers":{"authorization":"NONE","content-type":"NONE"},"body":{},"query":{}}
[2026-05-21T08:38:21.366Z] REQUEST: {"timestamp":"2026-05-21T08:38:21.365Z","method":"GET","url":"/styles.css","headers":{"authorization":"NONE","content-type":"NONE"},"body":{},"query":{}}
[2026-05-21T08:38:21.368Z] REQUEST: {"timestamp":"2026-05-21T08:38:21.368Z","method":"GET","url":"/assets/images/YPWI%20LOGO%20HITAM.png","headers":{"authorization":"NONE","content-type":"NONE"},"body":{},"query":{}}
[2026-05-21T08:38:21.371Z] REQUEST: {"timestamp":"2026-05-21T08:38:21.370Z","method":"GET","url":"/.well-known/appspecific/com.chrome.devtools.json","headers":{"authorization":"NONE","content-type":"NONE"},"body":{},"query":{}}
[2026-05-21T08:38:22.110Z] REQUEST: {"timestamp":"2026-05-21T08:38:22.110Z","method":"GET","url":"/api/search/teachers","headers":{"authorization":"NONE","content-type":"NONE"},"body":{},"query":{}}
[2026-05-21T08:38:22.369Z] REQUEST: {"timestamp":"2026-05-21T08:38:22.368Z","method":"GET","url":"/assets/images/YPWI%20LOGO%20HITAM.png","headers":{"authorization":"NONE","content-type":"NONE"},"body":{},"query":{}}
[2026-05-21T08:38:22.941Z] REQUEST: {"timestamp":"2026-05-21T08:38:22.941Z","method":"GET","url":"/complete-profile.html?teacher_id=129","headers":{"authorization":"NONE","content-type":"NONE"},"body":{},"query":{"teacher_id":"129"}}
[2026-05-21T08:38:22.993Z] REQUEST: {"timestamp":"2026-05-21T08:38:22.992Z","method":"GET","url":"/styles.css","headers":{"authorization":"NONE","content-type":"NONE"},"body":{},"query":{}}
[2026-05-21T08:38:22.997Z] REQUEST: {"timestamp":"2026-05-21T08:38:22.995Z","method":"GET","url":"/assets/images/YPWI%20LOGO%20HITAM.png","headers":{"authorization":"NONE","content-type":"NONE"},"body":{},"query":{}}
[2026-05-21T08:38:23.008Z] REQUEST: {"timestamp":"2026-05-21T08:38:23.005Z","method":"GET","url":"/.well-known/appspecific/com.chrome.devtools.json","headers":{"authorization":"NONE","content-type":"NONE"},"body":{},"query":{}}
[2026-05-21T08:38:23.314Z] REQUEST: {"timestamp":"2026-05-21T08:38:23.313Z","method":"GET","url":"/api/admin/teachers/129","headers":{"authorization":"Bearer eyJhbGciOiJIUzI1NiIsInR5cCI6IkpXVCJ9.eyJpZCI6MTEwLCJ1c2VybmFtZSI6ImFkbWluQHlwd2lsdXRpbS5jb20iLCJyb2xlIjoiYWRtaW4iLCJndXJ1X2lkIjpudWxsLCJ0ZW5hbnRfaWQiOiIiLCJhYnNlbnNpX21ldGhvZCI6InNjYW5uZXIiLCJ0aW1lc3RhbXAiOiIyMDI2LTA1LTIwVDE2OjIwOjI1Ljk2OFoiLCJpYXQiOjE3NzkyOTQwMjUsImV4cCI6MTc3OTMyMjgyNX0.qh05neLbucvPu7F37IWrhRdbtl6XJKacoYeknCYVcaU","content-type":"NONE"},"body":{},"query":{}}
[2026-05-21T08:38:23.331Z] REQUEST: {"timestamp":"2026-05-21T08:38:23.327Z","method":"GET","url":"/api/tenants","headers":{"authorization":"NONE","content-type":"NONE"},"body":{},"query":{}}
[2026-05-21T08:38:23.344Z] REQUEST: {"timestamp":"2026-05-21T08:38:23.343Z","method":"GET","url":"/favicon.ico","headers":{"authorization":"NONE","content-type":"NONE"},"body":{},"query":{}}
[2026-05-21T08:38:24.867Z] REQUEST: {"timestamp":"2026-05-21T08:38:24.867Z","method":"GET","url":"/scanner-sw.js","headers":{"authorization":"NONE","content-type":"NONE"},"body":{},"query":{}}
[2026-05-21T08:41:33.707Z] REQUEST: {"timestamp":"2026-05-21T08:41:33.706Z","method":"GET","url":"/complete-profile.html?teacher_id=129","headers":{"authorization":"NONE","content-type":"NONE"},"body":{},"query":{"teacher_id":"129"}}
[2026-05-21T08:41:33.809Z] REQUEST: {"timestamp":"2026-05-21T08:41:33.808Z","method":"GET","url":"/styles.css","headers":{"authorization":"NONE","content-type":"NONE"},"body":{},"query":{}}
[2026-05-21T08:41:33.815Z] REQUEST: {"timestamp":"2026-05-21T08:41:33.812Z","method":"GET","url":"/assets/images/YPWI%20LOGO%20HITAM.png","headers":{"authorization":"NONE","content-type":"NONE"},"body":{},"query":{}}
[2026-05-21T08:41:33.837Z] REQUEST: {"timestamp":"2026-05-21T08:41:33.835Z","method":"GET","url":"/.well-known/appspecific/com.chrome.devtools.json","headers":{"authorization":"NONE","content-type":"NONE"},"body":{},"query":{}}
[2026-05-21T08:41:34.430Z] REQUEST: {"timestamp":"2026-05-21T08:41:34.430Z","method":"GET","url":"/api/admin/teachers/129","headers":{"authorization":"NONE","content-type":"NONE"},"body":{},"query":{}}
[2026-05-21T08:41:34.434Z] REQUEST: {"timestamp":"2026-05-21T08:41:34.433Z","method":"GET","url":"/api/tenants","headers":{"authorization":"NONE","content-type":"NONE"},"body":{},"query":{}}
[2026-05-21T08:41:34.568Z] REQUEST: {"timestamp":"2026-05-21T08:41:34.567Z","method":"GET","url":"/favicon.ico","headers":{"authorization":"NONE","content-type":"NONE"},"body":{},"query":{}}
[2026-05-21T08:41:49.946Z] REQUEST: {"timestamp":"2026-05-21T08:41:49.946Z","method":"GET","url":"/","headers":{"authorization":"NONE","content-type":"NONE"},"body":{},"query":{}}
[2026-05-21T08:41:49.964Z] REQUEST: {"timestamp":"2026-05-21T08:41:49.963Z","method":"GET","url":"/login.html","headers":{"authorization":"NONE","content-type":"NONE"},"body":{},"query":{}}
[2026-05-21T08:41:50.046Z] REQUEST: {"timestamp":"2026-05-21T08:41:50.039Z","method":"GET","url":"/styles.css","headers":{"authorization":"NONE","content-type":"NONE"},"body":{},"query":{}}
[2026-05-21T08:41:50.055Z] REQUEST: {"timestamp":"2026-05-21T08:41:50.053Z","method":"GET","url":"/assets/images/YPWI%20LOGO%20HITAM.png","headers":{"authorization":"NONE","content-type":"NONE"},"body":{},"query":{}}
[2026-05-21T08:41:50.077Z] REQUEST: {"timestamp":"2026-05-21T08:41:50.072Z","method":"GET","url":"/.well-known/appspecific/com.chrome.devtools.json","headers":{"authorization":"NONE","content-type":"NONE"},"body":{},"query":{}}
[2026-05-21T08:41:51.967Z] REQUEST: {"timestamp":"2026-05-21T08:41:51.966Z","method":"GET","url":"/scanner-sw.js","headers":{"authorization":"NONE","content-type":"NONE"},"body":{},"query":{}}
[2026-05-21T08:41:53.197Z] REQUEST: {"timestamp":"2026-05-21T08:41:53.196Z","method":"GET","url":"/login.html","headers":{"authorization":"NONE","content-type":"NONE"},"body":{},"query":{}}
[2026-05-21T08:41:53.251Z] REQUEST: {"timestamp":"2026-05-21T08:41:53.250Z","method":"GET","url":"/styles.css","headers":{"authorization":"NONE","content-type":"NONE"},"body":{},"query":{}}
[2026-05-21T08:41:53.253Z] REQUEST: {"timestamp":"2026-05-21T08:41:53.253Z","method":"GET","url":"/assets/images/YPWI%20LOGO%20HITAM.png","headers":{"authorization":"NONE","content-type":"NONE"},"body":{},"query":{}}
[2026-05-21T08:41:53.255Z] REQUEST: {"timestamp":"2026-05-21T08:41:53.254Z","method":"GET","url":"/.well-known/appspecific/com.chrome.devtools.json","headers":{"authorization":"NONE","content-type":"NONE"},"body":{},"query":{}}
[2026-05-21T08:41:53.294Z] REQUEST: {"timestamp":"2026-05-21T08:41:53.293Z","method":"GET","url":"/login.html","headers":{"authorization":"NONE","content-type":"NONE"},"body":{},"query":{}}
[2026-05-21T08:41:53.340Z] REQUEST: {"timestamp":"2026-05-21T08:41:53.339Z","method":"GET","url":"/styles.css","headers":{"authorization":"NONE","content-type":"NONE"},"body":{},"query":{}}
[2026-05-21T08:41:53.343Z] REQUEST: {"timestamp":"2026-05-21T08:41:53.342Z","method":"GET","url":"/.well-known/appspecific/com.chrome.devtools.json","headers":{"authorization":"NONE","content-type":"NONE"},"body":{},"query":{}}
[2026-05-21T08:41:53.348Z] REQUEST: {"timestamp":"2026-05-21T08:41:53.347Z","method":"GET","url":"/assets/images/YPWI%20LOGO%20HITAM.png","headers":{"authorization":"NONE","content-type":"NONE"},"body":{},"query":{}}
[2026-05-21T08:41:54.521Z] REQUEST: {"timestamp":"2026-05-21T08:41:54.520Z","method":"GET","url":"/assets/images/YPWI%20LOGO%20HITAM.png","headers":{"authorization":"NONE","content-type":"NONE"},"body":{},"query":{}}
[2026-05-21T08:41:55.349Z] REQUEST: {"timestamp":"2026-05-21T08:41:55.348Z","method":"GET","url":"/search-teacher.html","headers":{"authorization":"NONE","content-type":"NONE"},"body":{},"query":{}}
[2026-05-21T08:41:55.404Z] REQUEST: {"timestamp":"2026-05-21T08:41:55.403Z","method":"GET","url":"/styles.css","headers":{"authorization":"NONE","content-type":"NONE"},"body":{},"query":{}}
[2026-05-21T08:41:55.414Z] REQUEST: {"timestamp":"2026-05-21T08:41:55.413Z","method":"GET","url":"/assets/images/YPWI%20LOGO%20HITAM.png","headers":{"authorization":"NONE","content-type":"NONE"},"body":{},"query":{}}
[2026-05-21T08:41:55.421Z] REQUEST: {"timestamp":"2026-05-21T08:41:55.420Z","method":"GET","url":"/.well-known/appspecific/com.chrome.devtools.json","headers":{"authorization":"NONE","content-type":"NONE"},"body":{},"query":{}}
[2026-05-21T08:41:55.695Z] REQUEST: {"timestamp":"2026-05-21T08:41:55.694Z","method":"GET","url":"/api/search/teachers","headers":{"authorization":"NONE","content-type":"NONE"},"body":{},"query":{}}
[2026-05-21T08:41:56.920Z] REQUEST: {"timestamp":"2026-05-21T08:41:56.919Z","method":"GET","url":"/complete-profile.html?teacher_id=129","headers":{"authorization":"NONE","content-type":"NONE"},"body":{},"query":{"teacher_id":"129"}}
[2026-05-21T08:41:56.980Z] REQUEST: {"timestamp":"2026-05-21T08:41:56.979Z","method":"GET","url":"/styles.css","headers":{"authorization":"NONE","content-type":"NONE"},"body":{},"query":{}}
[2026-05-21T08:41:56.982Z] REQUEST: {"timestamp":"2026-05-21T08:41:56.981Z","method":"GET","url":"/assets/images/YPWI%20LOGO%20HITAM.png","headers":{"authorization":"NONE","content-type":"NONE"},"body":{},"query":{}}
[2026-05-21T08:41:56.997Z] REQUEST: {"timestamp":"2026-05-21T08:41:56.995Z","method":"GET","url":"/.well-known/appspecific/com.chrome.devtools.json","headers":{"authorization":"NONE","content-type":"NONE"},"body":{},"query":{}}
[2026-05-21T08:41:57.264Z] REQUEST: {"timestamp":"2026-05-21T08:41:57.263Z","method":"GET","url":"/api/admin/teachers/129","headers":{"authorization":"NONE","content-type":"NONE"},"body":{},"query":{}}
[2026-05-21T08:41:57.266Z] REQUEST: {"timestamp":"2026-05-21T08:41:57.265Z","method":"GET","url":"/api/tenants","headers":{"authorization":"NONE","content-type":"NONE"},"body":{},"query":{}}
[2026-05-21T08:41:57.286Z] REQUEST: {"timestamp":"2026-05-21T08:41:57.285Z","method":"GET","url":"/favicon.ico","headers":{"authorization":"NONE","content-type":"NONE"},"body":{},"query":{}}
[2026-05-21T08:41:57.315Z] REQUEST: {"timestamp":"2026-05-21T08:41:57.314Z","method":"GET","url":"/scanner-sw.js","headers":{"authorization":"NONE","content-type":"NONE"},"body":{},"query":{}}
[2026-05-21T08:41:58.802Z] REQUEST: {"timestamp":"2026-05-21T08:41:58.801Z","method":"GET","url":"/scanner-sw.js","headers":{"authorization":"NONE","content-type":"NONE"},"body":{},"query":{}}
[2026-05-21T08:56:24.591Z] REQUEST: {"timestamp":"2026-05-21T08:56:24.586Z","method":"GET","url":"/complete-profile.html?teacher_id=129","headers":{"authorization":"NONE","content-type":"NONE"},"body":{},"query":{"teacher_id":"129"}}
[2026-05-21T08:56:24.647Z] REQUEST: {"timestamp":"2026-05-21T08:56:24.646Z","method":"GET","url":"/styles.css","headers":{"authorization":"NONE","content-type":"NONE"},"body":{},"query":{}}
[2026-05-21T08:56:24.652Z] REQUEST: {"timestamp":"2026-05-21T08:56:24.651Z","method":"GET","url":"/.well-known/appspecific/com.chrome.devtools.json","headers":{"authorization":"NONE","content-type":"NONE"},"body":{},"query":{}}
[2026-05-21T08:56:24.673Z] REQUEST: {"timestamp":"2026-05-21T08:56:24.672Z","method":"GET","url":"/assets/images/YPWI%20LOGO%20HITAM.png","headers":{"authorization":"NONE","content-type":"NONE"},"body":{},"query":{}}
[2026-05-21T08:56:25.888Z] REQUEST: {"timestamp":"2026-05-21T08:56:25.886Z","method":"GET","url":"/favicon.ico","headers":{"authorization":"NONE","content-type":"NONE"},"body":{},"query":{}}
[2026-05-21T08:57:03.435Z] REQUEST: {"timestamp":"2026-05-21T08:57:03.434Z","method":"GET","url":"/complete-profile.html?teacher_id=129","headers":{"authorization":"NONE","content-type":"NONE"},"body":{},"query":{"teacher_id":"129"}}
[2026-05-21T08:57:03.473Z] REQUEST: {"timestamp":"2026-05-21T08:57:03.473Z","method":"GET","url":"/styles.css","headers":{"authorization":"NONE","content-type":"NONE"},"body":{},"query":{}}
[2026-05-21T08:57:03.483Z] REQUEST: {"timestamp":"2026-05-21T08:57:03.481Z","method":"GET","url":"/assets/images/YPWI%20LOGO%20HITAM.png","headers":{"authorization":"NONE","content-type":"NONE"},"body":{},"query":{}}
[2026-05-21T08:57:03.490Z] REQUEST: {"timestamp":"2026-05-21T08:57:03.490Z","method":"GET","url":"/.well-known/appspecific/com.chrome.devtools.json","headers":{"authorization":"NONE","content-type":"NONE"},"body":{},"query":{}}
[2026-05-21T08:57:04.055Z] REQUEST: {"timestamp":"2026-05-21T08:57:04.051Z","method":"GET","url":"/api/public/teachers/129","headers":{"authorization":"NONE","content-type":"NONE"},"body":{},"query":{}}
[2026-05-21T08:57:04.061Z] REQUEST: {"timestamp":"2026-05-21T08:57:04.060Z","method":"GET","url":"/api/tenants","headers":{"authorization":"NONE","content-type":"NONE"},"body":{},"query":{}}
[2026-05-21T08:57:04.625Z] REQUEST: {"timestamp":"2026-05-21T08:57:04.623Z","method":"GET","url":"/favicon.ico","headers":{"authorization":"NONE","content-type":"NONE"},"body":{},"query":{}}
[2026-05-21T08:57:15.004Z] REQUEST: {"timestamp":"2026-05-21T08:57:15.003Z","method":"GET","url":"/complete-profile.html?teacher_id=95","headers":{"authorization":"NONE","content-type":"NONE"},"body":{},"query":{"teacher_id":"95"}}
[2026-05-21T08:57:15.052Z] REQUEST: {"timestamp":"2026-05-21T08:57:15.051Z","method":"GET","url":"/styles.css","headers":{"authorization":"NONE","content-type":"NONE"},"body":{},"query":{}}
[2026-05-21T08:57:15.056Z] REQUEST: {"timestamp":"2026-05-21T08:57:15.055Z","method":"GET","url":"/assets/images/YPWI%20LOGO%20HITAM.png","headers":{"authorization":"NONE","content-type":"NONE"},"body":{},"query":{}}
[2026-05-21T08:57:15.074Z] REQUEST: {"timestamp":"2026-05-21T08:57:15.073Z","method":"GET","url":"/.well-known/appspecific/com.chrome.devtools.json","headers":{"authorization":"NONE","content-type":"NONE"},"body":{},"query":{}}
[2026-05-21T08:57:15.358Z] REQUEST: {"timestamp":"2026-05-21T08:57:15.357Z","method":"GET","url":"/api/public/teachers/95","headers":{"authorization":"NONE","content-type":"NONE"},"body":{},"query":{}}
[2026-05-21T08:57:15.363Z] REQUEST: {"timestamp":"2026-05-21T08:57:15.362Z","method":"GET","url":"/api/tenants","headers":{"authorization":"NONE","content-type":"NONE"},"body":{},"query":{}}
[2026-05-21T08:57:15.384Z] REQUEST: {"timestamp":"2026-05-21T08:57:15.380Z","method":"GET","url":"/favicon.ico","headers":{"authorization":"NONE","content-type":"NONE"},"body":{},"query":{}}
[2026-05-21T08:57:15.393Z] REQUEST: {"timestamp":"2026-05-21T08:57:15.390Z","method":"GET","url":"/uploads/FOTO_AKBAR_IRWANSYA.jpg","headers":{"authorization":"NONE","content-type":"NONE"},"body":{},"query":{}}
[2026-05-21T08:57:16.940Z] REQUEST: {"timestamp":"2026-05-21T08:57:16.939Z","method":"GET","url":"/scanner-sw.js","headers":{"authorization":"NONE","content-type":"NONE"},"body":{},"query":{}}
[2026-05-21T09:09:57.406Z] REQUEST: {"timestamp":"2026-05-21T09:09:57.402Z","method":"PUT","url":"/api/admin/teachers/95","headers":{"authorization":"NONE","content-type":"multipart/form-data; boundary=----WebKitFormBoundaryUrGhBB9Db4l0Pgb7"},"body":{},"query":{}}
[2026-05-21T09:33:50.003Z] REQUEST: {"timestamp":"2026-05-21T09:33:50.001Z","method":"PUT","url":"/api/admin/teachers/95","headers":{"authorization":"NONE","content-type":"application/json"},"body":{},"query":{}}
[2026-05-21T09:36:45.132Z] REQUEST: {"timestamp":"2026-05-21T09:36:45.127Z","method":"GET","url":"/complete-profile.html?teacher_id=95","headers":{"authorization":"NONE","content-type":"NONE"},"body":{},"query":{"teacher_id":"95"}}
[2026-05-21T09:36:45.201Z] REQUEST: {"timestamp":"2026-05-21T09:36:45.200Z","method":"GET","url":"/styles.css","headers":{"authorization":"NONE","content-type":"NONE"},"body":{},"query":{}}
[2026-05-21T09:36:45.205Z] REQUEST: {"timestamp":"2026-05-21T09:36:45.204Z","method":"GET","url":"/assets/images/YPWI%20LOGO%20HITAM.png","headers":{"authorization":"NONE","content-type":"NONE"},"body":{},"query":{}}
[2026-05-21T09:36:45.219Z] REQUEST: {"timestamp":"2026-05-21T09:36:45.218Z","method":"GET","url":"/.well-known/appspecific/com.chrome.devtools.json","headers":{"authorization":"NONE","content-type":"NONE"},"body":{},"query":{}}
[2026-05-21T09:36:45.236Z] REQUEST: {"timestamp":"2026-05-21T09:36:45.235Z","method":"GET","url":"/api/public/teachers/95","headers":{"authorization":"NONE","content-type":"NONE"},"body":{},"query":{}}
[2026-05-21T09:36:45.239Z] REQUEST: {"timestamp":"2026-05-21T09:36:45.239Z","method":"GET","url":"/api/tenants","headers":{"authorization":"NONE","content-type":"NONE"},"body":{},"query":{}}
[2026-05-21T09:36:45.290Z] REQUEST: {"timestamp":"2026-05-21T09:36:45.289Z","method":"GET","url":"/uploads/FOTO_AKBAR_IRWANSYA.jpg","headers":{"authorization":"NONE","content-type":"NONE"},"body":{},"query":{}}
[2026-05-21T09:36:45.293Z] REQUEST: {"timestamp":"2026-05-21T09:36:45.292Z","method":"GET","url":"/favicon.ico","headers":{"authorization":"NONE","content-type":"NONE"},"body":{},"query":{}}
[2026-05-21T09:36:48.365Z] REQUEST: {"timestamp":"2026-05-21T09:36:48.364Z","method":"GET","url":"/complete-profile.html?teacher_id=95","headers":{"authorization":"NONE","content-type":"NONE"},"body":{},"query":{"teacher_id":"95"}}
[2026-05-21T09:36:48.406Z] REQUEST: {"timestamp":"2026-05-21T09:36:48.405Z","method":"GET","url":"/styles.css","headers":{"authorization":"NONE","content-type":"NONE"},"body":{},"query":{}}
[2026-05-21T09:36:48.411Z] REQUEST: {"timestamp":"2026-05-21T09:36:48.410Z","method":"GET","url":"/assets/images/YPWI%20LOGO%20HITAM.png","headers":{"authorization":"NONE","content-type":"NONE"},"body":{},"query":{}}
[2026-05-21T09:36:48.414Z] REQUEST: {"timestamp":"2026-05-21T09:36:48.414Z","method":"GET","url":"/.well-known/appspecific/com.chrome.devtools.json","headers":{"authorization":"NONE","content-type":"NONE"},"body":{},"query":{}}
[2026-05-21T09:36:48.435Z] REQUEST: {"timestamp":"2026-05-21T09:36:48.434Z","method":"GET","url":"/api/public/teachers/95","headers":{"authorization":"NONE","content-type":"NONE"},"body":{},"query":{}}
[2026-05-21T09:36:48.437Z] REQUEST: {"timestamp":"2026-05-21T09:36:48.437Z","method":"GET","url":"/api/tenants","headers":{"authorization":"NONE","content-type":"NONE"},"body":{},"query":{}}
[2026-05-21T09:36:48.461Z] REQUEST: {"timestamp":"2026-05-21T09:36:48.460Z","method":"GET","url":"/uploads/FOTO_AKBAR_IRWANSYA.jpg","headers":{"authorization":"NONE","content-type":"NONE"},"body":{},"query":{}}
[2026-05-21T09:36:48.468Z] REQUEST: {"timestamp":"2026-05-21T09:36:48.467Z","method":"GET","url":"/favicon.ico","headers":{"authorization":"NONE","content-type":"NONE"},"body":{},"query":{}}
[2026-05-21T09:38:23.098Z] REQUEST: {"timestamp":"2026-05-21T09:38:23.097Z","method":"GET","url":"/complete-profile.html?teacher_id=95","headers":{"authorization":"NONE","content-type":"NONE"},"body":{},"query":{"teacher_id":"95"}}
[2026-05-21T09:38:23.149Z] REQUEST: {"timestamp":"2026-05-21T09:38:23.146Z","method":"GET","url":"/styles.css","headers":{"authorization":"NONE","content-type":"NONE"},"body":{},"query":{}}
[2026-05-21T09:38:23.152Z] REQUEST: {"timestamp":"2026-05-21T09:38:23.151Z","method":"GET","url":"/assets/images/YPWI%20LOGO%20HITAM.png","headers":{"authorization":"NONE","content-type":"NONE"},"body":{},"query":{}}
[2026-05-21T09:38:23.184Z] REQUEST: {"timestamp":"2026-05-21T09:38:23.161Z","method":"GET","url":"/.well-known/appspecific/com.chrome.devtools.json","headers":{"authorization":"NONE","content-type":"NONE"},"body":{},"query":{}}
[2026-05-21T09:38:23.695Z] REQUEST: {"timestamp":"2026-05-21T09:38:23.694Z","method":"GET","url":"/api/public/teachers/95","headers":{"authorization":"NONE","content-type":"NONE"},"body":{},"query":{}}
[2026-05-21T09:38:23.698Z] REQUEST: {"timestamp":"2026-05-21T09:38:23.697Z","method":"GET","url":"/api/tenants","headers":{"authorization":"NONE","content-type":"NONE"},"body":{},"query":{}}
[2026-05-21T09:38:23.736Z] REQUEST: {"timestamp":"2026-05-21T09:38:23.735Z","method":"GET","url":"/favicon.ico","headers":{"authorization":"NONE","content-type":"NONE"},"body":{},"query":{}}
[2026-05-21T09:38:23.739Z] REQUEST: {"timestamp":"2026-05-21T09:38:23.738Z","method":"GET","url":"/uploads/FOTO_AKBAR_IRWANSYA.jpg","headers":{"authorization":"NONE","content-type":"NONE"},"body":{},"query":{}}
[2026-05-21T09:38:25.287Z] REQUEST: {"timestamp":"2026-05-21T09:38:25.286Z","method":"GET","url":"/scanner-sw.js","headers":{"authorization":"NONE","content-type":"NONE"},"body":{},"query":{}}
[2026-05-21T09:39:09.288Z] REQUEST: {"timestamp":"2026-05-21T09:39:09.287Z","method":"PUT","url":"/api/admin/teachers/95","headers":{"authorization":"NONE","content-type":"multipart/form-data; boundary=----WebKitFormBoundaryYNPC5ZYHL0onmJ2C"},"body":{},"query":{}}
[2026-05-21T09:42:58.312Z] REQUEST: {"timestamp":"2026-05-21T09:42:58.311Z","method":"PUT","url":"/api/admin/teachers/95","headers":{"authorization":"NONE","content-type":"application/json"},"body":{},"query":{}}
[2026-05-21T09:45:08.100Z] REQUEST: {"timestamp":"2026-05-21T09:45:08.096Z","method":"PUT","url":"/api/admin/teachers/95","headers":{"authorization":"NONE","content-type":"application/json"},"body":{},"query":{}}
[2026-05-21T09:49:06.793Z] REQUEST: {"timestamp":"2026-05-21T09:49:06.788Z","method":"GET","url":"/complete-profile.html?teacher_id=95","headers":{"authorization":"NONE","content-type":"NONE"},"body":{},"query":{"teacher_id":"95"}}
[2026-05-21T09:49:06.864Z] REQUEST: {"timestamp":"2026-05-21T09:49:06.862Z","method":"GET","url":"/styles.css","headers":{"authorization":"NONE","content-type":"NONE"},"body":{},"query":{}}
[2026-05-21T09:49:06.868Z] REQUEST: {"timestamp":"2026-05-21T09:49:06.867Z","method":"GET","url":"/assets/images/YPWI%20LOGO%20HITAM.png","headers":{"authorization":"NONE","content-type":"NONE"},"body":{},"query":{}}
[2026-05-21T09:49:06.888Z] REQUEST: {"timestamp":"2026-05-21T09:49:06.887Z","method":"GET","url":"/.well-known/appspecific/com.chrome.devtools.json","headers":{"authorization":"NONE","content-type":"NONE"},"body":{},"query":{}}
[2026-05-21T09:49:07.589Z] REQUEST: {"timestamp":"2026-05-21T09:49:07.588Z","method":"GET","url":"/api/public/teachers/95","headers":{"authorization":"NONE","content-type":"NONE"},"body":{},"query":{}}
[2026-05-21T09:49:07.593Z] REQUEST: {"timestamp":"2026-05-21T09:49:07.593Z","method":"GET","url":"/api/tenants","headers":{"authorization":"NONE","content-type":"NONE"},"body":{},"query":{}}
[2026-05-21T09:49:07.645Z] REQUEST: {"timestamp":"2026-05-21T09:49:07.644Z","method":"GET","url":"/uploads/FOTO_AKBAR_IRWANSYA.jpg","headers":{"authorization":"NONE","content-type":"NONE"},"body":{},"query":{}}
[2026-05-21T09:49:08.468Z] REQUEST: {"timestamp":"2026-05-21T09:49:08.467Z","method":"GET","url":"/favicon.ico","headers":{"authorization":"NONE","content-type":"NONE"},"body":{},"query":{}}
[2026-05-21T09:49:11.478Z] REQUEST: {"timestamp":"2026-05-21T09:49:11.478Z","method":"PUT","url":"/api/admin/teachers/95","headers":{"authorization":"NONE","content-type":"multipart/form-data; boundary=----WebKitFormBoundaryzMYYhBdxkyAyrroM"},"body":{},"query":{}}
[2026-05-21T09:51:02.773Z] REQUEST: {"timestamp":"2026-05-21T09:51:02.768Z","method":"GET","url":"/complete-profile.html?teacher_id=95","headers":{"authorization":"NONE","content-type":"NONE"},"body":{},"query":{"teacher_id":"95"}}
[2026-05-21T09:51:02.834Z] REQUEST: {"timestamp":"2026-05-21T09:51:02.832Z","method":"GET","url":"/styles.css","headers":{"authorization":"NONE","content-type":"NONE"},"body":{},"query":{}}
[2026-05-21T09:51:02.839Z] REQUEST: {"timestamp":"2026-05-21T09:51:02.838Z","method":"GET","url":"/assets/images/YPWI%20LOGO%20HITAM.png","headers":{"authorization":"NONE","content-type":"NONE"},"body":{},"query":{}}
[2026-05-21T09:51:02.853Z] REQUEST: {"timestamp":"2026-05-21T09:51:02.850Z","method":"GET","url":"/.well-known/appspecific/com.chrome.devtools.json","headers":{"authorization":"NONE","content-type":"NONE"},"body":{},"query":{}}
[2026-05-21T09:51:03.450Z] REQUEST: {"timestamp":"2026-05-21T09:51:03.449Z","method":"GET","url":"/api/public/teachers/95","headers":{"authorization":"NONE","content-type":"NONE"},"body":{},"query":{}}
[2026-05-21T09:51:03.455Z] REQUEST: {"timestamp":"2026-05-21T09:51:03.454Z","method":"GET","url":"/api/tenants","headers":{"authorization":"NONE","content-type":"NONE"},"body":{},"query":{}}
[2026-05-21T09:51:03.496Z] REQUEST: {"timestamp":"2026-05-21T09:51:03.495Z","method":"GET","url":"/uploads/FOTO_AKBAR_IRWANSYA.jpg","headers":{"authorization":"NONE","content-type":"NONE"},"body":{},"query":{}}
[2026-05-21T09:51:04.704Z] REQUEST: {"timestamp":"2026-05-21T09:51:04.703Z","method":"GET","url":"/favicon.ico","headers":{"authorization":"NONE","content-type":"NONE"},"body":{},"query":{}}
[2026-05-21T09:51:08.378Z] REQUEST: {"timestamp":"2026-05-21T09:51:08.377Z","method":"PUT","url":"/api/admin/teachers/95","headers":{"authorization":"NONE","content-type":"multipart/form-data; boundary=----WebKitFormBoundarylYPRXAE2nY6bAPLT"},"body":{},"query":{}}
[2026-05-21T09:51:08.427Z] REQUEST: {"timestamp":"2026-05-21T09:51:08.426Z","method":"PUT","url":"/api/profile-complete/95","headers":{"authorization":"NONE","content-type":"application/json"},"body":{},"query":{}}
[2026-05-21T09:51:08.439Z] REQUEST: {"timestamp":"2026-05-21T09:51:08.438Z","method":"POST","url":"/api/send-whatsapp-public","headers":{"authorization":"NONE","content-type":"application/json"},"body":{"number":"6282396859771","message":"Selamat! Profil Anda di Sistem YPWI Lutim telah berhasil dilengkapi.\n\nAnda sekarang dapat login menggunakan:\n📧 Email: akbarirwansyahtkj@gmail.com\n🔑 Password: ypwi123 (segera ganti setelah login pertama)\n\nSilakan login dan ubah password default Anda untuk keamanan.","type":"profile_completed","nama":"Akbar Irwansya","jenis_kelamin":"L","teacherId":"95"},"query":{}}
[2026-05-21T09:51:11.488Z] REQUEST: {"timestamp":"2026-05-21T09:51:11.487Z","method":"GET","url":"/login.html","headers":{"authorization":"NONE","content-type":"NONE"},"body":{},"query":{}}
[2026-05-21T09:51:11.550Z] REQUEST: {"timestamp":"2026-05-21T09:51:11.547Z","method":"GET","url":"/styles.css","headers":{"authorization":"NONE","content-type":"NONE"},"body":{},"query":{}}
[2026-05-21T09:51:11.557Z] REQUEST: {"timestamp":"2026-05-21T09:51:11.556Z","method":"GET","url":"/assets/images/YPWI%20LOGO%20HITAM.png","headers":{"authorization":"NONE","content-type":"NONE"},"body":{},"query":{}}
[2026-05-21T09:51:11.586Z] REQUEST: {"timestamp":"2026-05-21T09:51:11.583Z","method":"GET","url":"/.well-known/appspecific/com.chrome.devtools.json","headers":{"authorization":"NONE","content-type":"NONE"},"body":{},"query":{}}
[2026-05-21T09:51:13.427Z] REQUEST: {"timestamp":"2026-05-21T09:51:13.426Z","method":"GET","url":"/scanner-sw.js","headers":{"authorization":"NONE","content-type":"NONE"},"body":{},"query":{}}
[2026-05-21T09:51:20.829Z] REQUEST: {"timestamp":"2026-05-21T09:51:20.829Z","method":"GET","url":"/","headers":{"authorization":"NONE","content-type":"NONE"},"body":{},"query":{}}
[2026-05-21T09:51:20.849Z] REQUEST: {"timestamp":"2026-05-21T09:51:20.848Z","method":"GET","url":"/login.html","headers":{"authorization":"NONE","content-type":"NONE"},"body":{},"query":{}}
[2026-05-21T09:51:20.935Z] REQUEST: {"timestamp":"2026-05-21T09:51:20.935Z","method":"GET","url":"/styles.css","headers":{"authorization":"NONE","content-type":"NONE"},"body":{},"query":{}}
[2026-05-21T09:51:20.971Z] REQUEST: {"timestamp":"2026-05-21T09:51:20.970Z","method":"GET","url":"/assets/images/YPWI%20LOGO%20HITAM.png","headers":{"authorization":"NONE","content-type":"NONE"},"body":{},"query":{}}
[2026-05-21T09:51:23.835Z] REQUEST: {"timestamp":"2026-05-21T09:51:23.834Z","method":"GET","url":"/scanner-sw.js","headers":{"authorization":"NONE","content-type":"NONE"},"body":{},"query":{}}
[2026-05-21T09:53:42.956Z] REQUEST: {"timestamp":"2026-05-21T09:53:42.955Z","method":"GET","url":"/","headers":{"authorization":"NONE","content-type":"NONE"},"body":{},"query":{}}
[2026-05-21T09:53:42.970Z] REQUEST: {"timestamp":"2026-05-21T09:53:42.969Z","method":"GET","url":"/login.html","headers":{"authorization":"NONE","content-type":"NONE"},"body":{},"query":{}}
[2026-05-21T09:53:43.039Z] REQUEST: {"timestamp":"2026-05-21T09:53:43.038Z","method":"GET","url":"/styles.css","headers":{"authorization":"NONE","content-type":"NONE"},"body":{},"query":{}}
[2026-05-21T09:53:43.046Z] REQUEST: {"timestamp":"2026-05-21T09:53:43.045Z","method":"GET","url":"/assets/images/YPWI%20LOGO%20HITAM.png","headers":{"authorization":"NONE","content-type":"NONE"},"body":{},"query":{}}
[2026-05-21T09:53:45.505Z] REQUEST: {"timestamp":"2026-05-21T09:53:45.504Z","method":"GET","url":"/assets/images/YPWI%20LOGO%20HITAM.png","headers":{"authorization":"NONE","content-type":"NONE"},"body":{},"query":{}}
[2026-05-21T09:53:54.284Z] REQUEST: {"timestamp":"2026-05-21T09:53:54.283Z","method":"POST","url":"/api/auth/login","headers":{"authorization":"NONE","content-type":"application/json"},"body":{"username":"akbarirwansyahtkj@gmail.com","password":"ypwi1234"},"query":{}}
[2026-05-21T09:53:56.094Z] REQUEST: {"timestamp":"2026-05-21T09:53:56.088Z","method":"GET","url":"/dashboard.html","headers":{"authorization":"NONE","content-type":"NONE"},"body":{},"query":{}}
[2026-05-21T09:53:56.133Z] REQUEST: {"timestamp":"2026-05-21T09:53:56.133Z","method":"GET","url":"/styles.css","headers":{"authorization":"NONE","content-type":"NONE"},"body":{},"query":{}}
[2026-05-21T09:53:56.212Z] REQUEST: {"timestamp":"2026-05-21T09:53:56.209Z","method":"GET","url":"/api/teacher/info","headers":{"authorization":"Bearer eyJhbGciOiJIUzI1NiIsInR5cCI6IkpXVCJ9.eyJpZCI6MTE3LCJ1c2VybmFtZSI6ImFrYmFyaXJ3YW5zeWFodGtqQGdtYWlsLmNvbSIsInJvbGUiOiJndXJ1IiwiZ3VydV9pZCI6OTUsInRlbmFudF9pZCI6IllQV0lMVVRJTSIsImFic2Vuc2lfbWV0aG9kIjoic2Nhbm5lciIsInRpbWVzdGFtcCI6IjIwMjYtMDUtMjFUMDk6NTM6NTQuNTE0WiIsImFzc2lnbm1lbnRzIjpbXSwiaWF0IjoxNzc5MzU3MjM0LCJleHAiOjE3NzkzODYwMzR9.L5gtzmRu3XI38zDgY30OpeeDr8X2JLWHCOXUnYGjCu0","content-type":"NONE"},"body":{},"query":{}}
[2026-05-21T09:53:56.215Z] REQUEST: {"timestamp":"2026-05-21T09:53:56.214Z","method":"GET","url":"/api/dashboard","headers":{"authorization":"Bearer eyJhbGciOiJIUzI1NiIsInR5cCI6IkpXVCJ9.eyJpZCI6MTE3LCJ1c2VybmFtZSI6ImFrYmFyaXJ3YW5zeWFodGtqQGdtYWlsLmNvbSIsInJvbGUiOiJndXJ1IiwiZ3VydV9pZCI6OTUsInRlbmFudF9pZCI6IllQV0lMVVRJTSIsImFic2Vuc2lfbWV0aG9kIjoic2Nhbm5lciIsInRpbWVzdGFtcCI6IjIwMjYtMDUtMjFUMDk6NTM6NTQuNTE0WiIsImFzc2lnbm1lbnRzIjpbXSwiaWF0IjoxNzc5MzU3MjM0LCJleHAiOjE3NzkzODYwMzR9.L5gtzmRu3XI38zDgY30OpeeDr8X2JLWHCOXUnYGjCu0","content-type":"NONE"},"body":{},"query":{}}
[2026-05-21T09:53:56.240Z] REQUEST: {"timestamp":"2026-05-21T09:53:56.239Z","method":"GET","url":"/api/attendance-history","headers":{"authorization":"Bearer eyJhbGciOiJIUzI1NiIsInR5cCI6IkpXVCJ9.eyJpZCI6MTE3LCJ1c2VybmFtZSI6ImFrYmFyaXJ3YW5zeWFodGtqQGdtYWlsLmNvbSIsInJvbGUiOiJndXJ1IiwiZ3VydV9pZCI6OTUsInRlbmFudF9pZCI6IllQV0lMVVRJTSIsImFic2Vuc2lfbWV0aG9kIjoic2Nhbm5lciIsInRpbWVzdGFtcCI6IjIwMjYtMDUtMjFUMDk6NTM6NTQuNTE0WiIsImFzc2lnbm1lbnRzIjpbXSwiaWF0IjoxNzc5MzU3MjM0LCJleHAiOjE3NzkzODYwMzR9.L5gtzmRu3XI38zDgY30OpeeDr8X2JLWHCOXUnYGjCu0","content-type":"NONE"},"body":{},"query":{}}
[2026-05-21T09:53:56.251Z] REQUEST: {"timestamp":"2026-05-21T09:53:56.250Z","method":"GET","url":"/assets/images/YPWI%20LOGO%20HITAM.png","headers":{"authorization":"NONE","content-type":"NONE"},"body":{},"query":{}}
[2026-05-21T09:53:56.255Z] REQUEST: {"timestamp":"2026-05-21T09:53:56.255Z","method":"GET","url":"/uploads/FOTO_AKBAR_IRWANSYA.jpg","headers":{"authorization":"NONE","content-type":"NONE"},"body":{},"query":{}}
[2026-05-21T09:54:03.026Z] REQUEST: {"timestamp":"2026-05-21T09:54:03.018Z","method":"GET","url":"/api/attendance-rules","headers":{"authorization":"Bearer eyJhbGciOiJIUzI1NiIsInR5cCI6IkpXVCJ9.eyJpZCI6MTE3LCJ1c2VybmFtZSI6ImFrYmFyaXJ3YW5zeWFodGtqQGdtYWlsLmNvbSIsInJvbGUiOiJndXJ1IiwiZ3VydV9pZCI6OTUsInRlbmFudF9pZCI6IllQV0lMVVRJTSIsImFic2Vuc2lfbWV0aG9kIjoic2Nhbm5lciIsInRpbWVzdGFtcCI6IjIwMjYtMDUtMjFUMDk6NTM6NTQuNTE0WiIsImFzc2lnbm1lbnRzIjpbXSwiaWF0IjoxNzc5MzU3MjM0LCJleHAiOjE3NzkzODYwMzR9.L5gtzmRu3XI38zDgY30OpeeDr8X2JLWHCOXUnYGjCu0","content-type":"NONE"},"body":{},"query":{}}
[2026-05-21T09:54:03.031Z] REQUEST: {"timestamp":"2026-05-21T09:54:03.028Z","method":"GET","url":"/api/units/nearby?lat=-2.455706&lng=120.869453","headers":{"authorization":"Bearer eyJhbGciOiJIUzI1NiIsInR5cCI6IkpXVCJ9.eyJpZCI6MTE3LCJ1c2VybmFtZSI6ImFrYmFyaXJ3YW5zeWFodGtqQGdtYWlsLmNvbSIsInJvbGUiOiJndXJ1IiwiZ3VydV9pZCI6OTUsInRlbmFudF9pZCI6IllQV0lMVVRJTSIsImFic2Vuc2lfbWV0aG9kIjoic2Nhbm5lciIsInRpbWVzdGFtcCI6IjIwMjYtMDUtMjFUMDk6NTM6NTQuNTE0WiIsImFzc2lnbm1lbnRzIjpbXSwiaWF0IjoxNzc5MzU3MjM0LCJleHAiOjE3NzkzODYwMzR9.L5gtzmRu3XI38zDgY30OpeeDr8X2JLWHCOXUnYGjCu0","content-type":"NONE"},"body":{},"query":{"lat":"-2.455706","lng":"120.869453"}}
[2026-05-21T09:54:03.035Z] REQUEST: {"timestamp":"2026-05-21T09:54:03.034Z","method":"GET","url":"/api/units/all","headers":{"authorization":"Bearer eyJhbGciOiJIUzI1NiIsInR5cCI6IkpXVCJ9.eyJpZCI6MTE3LCJ1c2VybmFtZSI6ImFrYmFyaXJ3YW5zeWFodGtqQGdtYWlsLmNvbSIsInJvbGUiOiJndXJ1IiwiZ3VydV9pZCI6OTUsInRlbmFudF9pZCI6IllQV0lMVVRJTSIsImFic2Vuc2lfbWV0aG9kIjoic2Nhbm5lciIsInRpbWVzdGFtcCI6IjIwMjYtMDUtMjFUMDk6NTM6NTQuNTE0WiIsImFzc2lnbm1lbnRzIjpbXSwiaWF0IjoxNzc5MzU3MjM0LCJleHAiOjE3NzkzODYwMzR9.L5gtzmRu3XI38zDgY30OpeeDr8X2JLWHCOXUnYGjCu0","content-type":"NONE"},"body":{},"query":{}}
[2026-05-21T09:54:03.082Z] REQUEST: {"timestamp":"2026-05-21T09:54:03.081Z","method":"GET","url":"/api/units/all","headers":{"authorization":"Bearer eyJhbGciOiJIUzI1NiIsInR5cCI6IkpXVCJ9.eyJpZCI6MTE3LCJ1c2VybmFtZSI6ImFrYmFyaXJ3YW5zeWFodGtqQGdtYWlsLmNvbSIsInJvbGUiOiJndXJ1IiwiZ3VydV9pZCI6OTUsInRlbmFudF9pZCI6IllQV0lMVVRJTSIsImFic2Vuc2lfbWV0aG9kIjoic2Nhbm5lciIsInRpbWVzdGFtcCI6IjIwMjYtMDUtMjFUMDk6NTM6NTQuNTE0WiIsImFzc2lnbm1lbnRzIjpbXSwiaWF0IjoxNzc5MzU3MjM0LCJleHAiOjE3NzkzODYwMzR9.L5gtzmRu3XI38zDgY30OpeeDr8X2JLWHCOXUnYGjCu0","content-type":"NONE"},"body":{},"query":{}}
